<component name="libraryTable">
  <library name="junit-jupiter-api-5.0.3">
    <CLASSES>
      <root url="jar://$PROJECT_DIR$/gx-frc-18/jars/junit-jupiter-api-5.0.3.jar!/" />
    </CLASSES>
    <JAVADOC />
    <SOURCES />
  </library>
</component>